1103112609.132870 12 - - - - -
1103112609.134109 54 1500 20 T 20 1460
1103112609.134380 34 40 20 T - -
1103112609.135354 54 1500 20 T 20 1460
1103112609.135375 20 - - - - -
1103112609.136600 54 1500 20 T 20 1460
1103112609.136873 54 40 20 T 20 0
1103112609.137850 54 1500 20 T 20 1460
1103112609.137855 66 84 20 T 32 32
1103112609.138600 54 932 20 T 20 892
1103112609.138747 48 40 20 T - -
1103112609.139849 54 1500 20 T 20 1460
1103112609.149115 58 868 20 T - -
1103112609.149342 54 1500 20 T 20 1460
1103112609.164732 42 774 20 U 8 746
1103112609.164737 54 40 20 T 20 0
1103112609.240685 38 170 20 U - -
1103112609.243059 66 868 20 T 32 816
1103112610.061417 14 - - - - -
1103112610.061560 54 40 20 T 20 0
1103112649.131389 38 32 24 ? ? ?
1103112649.131657 14 - - - - -
1103112649.626706 22 - - - - -
1103112649.627083 54 932 20 T 20 892
